INFO: [VRFC 10-2263] Analyzing SystemVerilog file "D:/Andreiu/Vivado Project/MIPS/MIPS.srcs/sources_1/new/adder.sv" into library xil_defaultlib
INFO: [VRFC 10-311] analyzing module adder
INFO: [VRFC 10-2263] Analyzing SystemVerilog file "D:/Andreiu/Vivado Project/MIPS/MIPS.srcs/sources_1/new/alu.sv" into library xil_defaultlib
INFO: [VRFC 10-311] analyzing module alu
INFO: [VRFC 10-2263] Analyzing SystemVerilog file "D:/Andreiu/Vivado Project/MIPS/MIPS.srcs/sources_1/new/alu_control.sv" into library xil_defaultlib
INFO: [VRFC 10-311] analyzing module alu_control
INFO: [VRFC 10-2263] Analyzing SystemVerilog file "D:/Andreiu/Vivado Project/MIPS/MIPS.srcs/sources_1/new/branch_control.sv" into library xil_defaultlib
INFO: [VRFC 10-311] analyzing module branch_control
INFO: [VRFC 10-2263] Analyzing SystemVerilog file "D:/Andreiu/Vivado Project/MIPS/MIPS.srcs/sources_1/new/control.sv" into library xil_defaultlib
INFO: [VRFC 10-311] analyzing module control
INFO: [VRFC 10-2263] Analyzing SystemVerilog file "D:/Andreiu/Vivado Project/MIPS/MIPS.srcs/sources_1/new/data_memory.sv" into library xil_defaultlib
INFO: [VRFC 10-311] analyzing module data_memory
INFO: [VRFC 10-2263] Analyzing SystemVerilog file "D:/Andreiu/Vivado Project/MIPS/MIPS.srcs/sources_1/new/instruction_memory.sv" into library xil_defaultlib
INFO: [VRFC 10-311] analyzing module instruction_memory
INFO: [VRFC 10-2263] Analyzing SystemVerilog file "D:/Andreiu/Vivado Project/MIPS/MIPS.srcs/sources_1/new/mips.sv" into library xil_defaultlib
INFO: [VRFC 10-311] analyzing module mips
INFO: [VRFC 10-2263] Analyzing SystemVerilog file "D:/Andreiu/Vivado Project/MIPS/MIPS.srcs/sources_1/new/mux2.sv" into library xil_defaultlib
INFO: [VRFC 10-311] analyzing module mux2
INFO: [VRFC 10-2263] Analyzing SystemVerilog file "D:/Andreiu/Vivado Project/MIPS/MIPS.srcs/sources_1/new/program_counter.sv" into library xil_defaultlib
INFO: [VRFC 10-311] analyzing module program_counter
INFO: [VRFC 10-2263] Analyzing SystemVerilog file "D:/Andreiu/Vivado Project/MIPS/MIPS.srcs/sources_1/new/reg_file.sv" into library xil_defaultlib
INFO: [VRFC 10-311] analyzing module reg_file
INFO: [VRFC 10-2263] Analyzing SystemVerilog file "D:/Andreiu/Vivado Project/MIPS/MIPS.srcs/sources_1/new/shift_left_2.sv" into library xil_defaultlib
INFO: [VRFC 10-311] analyzing module shift_left_2
INFO: [VRFC 10-2263] Analyzing SystemVerilog file "D:/Andreiu/Vivado Project/MIPS/MIPS.srcs/sources_1/new/sign_extend.sv" into library xil_defaultlib
INFO: [VRFC 10-311] analyzing module sign_extend
INFO: [VRFC 10-2263] Analyzing SystemVerilog file "D:/Andreiu/Vivado Project/MIPS/MIPS.srcs/sim_1/new/tb_mips.sv" into library xil_defaultlib
INFO: [VRFC 10-311] analyzing module tb_mips
