Vivado Simulator v2024.2.0
Copyright 1986-2022 Xilinx, Inc. All Rights Reserved.
Copyright 2022-2024 Advanced Micro Devices, Inc. All Rights Reserved.
Running: D:/Andreiu/Vivado/Vivado/2024.2/bin/unwrapped/win64.o/xelab.exe --incr --debug typical --relax --mt 2 -L xil_defaultlib -L uvm -L unisims_ver -L unimacro_ver -L secureip --snapshot tb_mips_behav xil_defaultlib.tb_mips xil_defaultlib.glbl -log elaborate.log 
Using 2 slave threads.
Starting static elaboration
Pass Through NonSizing Optimizer
WARNING: [VRFC 10-3091] actual bit length 26 differs from formal bit length 28 for port 'in' [D:/Andreiu/Vivado Project/MIPS/MIPS.srcs/sources_1/new/mips.sv:148]
Completed static elaboration
Starting simulation data flow analysis
Completed simulation data flow analysis
Time Resolution for simulation is 1ps
Compiling module xil_defaultlib.program_counter
Compiling module xil_defaultlib.adder
Compiling module xil_defaultlib.instruction_memory
Compiling module xil_defaultlib.control
Compiling module xil_defaultlib.reg_file
Compiling module xil_defaultlib.sign_extend
Compiling module xil_defaultlib.alu_control
Compiling module xil_defaultlib.shift_left_2
Compiling module xil_defaultlib.mux2(N=5)
Compiling module xil_defaultlib.mux2
Compiling module xil_defaultlib.alu
Compiling module xil_defaultlib.branch_control
Compiling module xil_defaultlib.shift_left_2(N=28)
Compiling module xil_defaultlib.data_memory
Compiling module xil_defaultlib.mips
Compiling module xil_defaultlib.tb_mips
Compiling module xil_defaultlib.glbl
Built simulation snapshot tb_mips_behav
